Build started 2014-12-20 21:29:01.
     1>Project "D:\CraftSaga\Mesher\Mesher\Mesher.vcxproj" on node 2 (Build target(s)).
     1>ClCompile:
         D:\Programy\VS2013Ultimate\VC\bin\x86_amd64\CL.exe /c /Zi /nologo /W3 /WX- /sdl /O2 /Oi /GL /D _WINDLL /D _MBCS /Gm- /EHsc /MT /GS /Gy /fp:precise /Zc:wchar_t /Zc:forScope /Fo"x64\Release_x64\\" /Fd"x64\Release_x64\vc120.pdb" /Gd /TP /errorReport:prompt mesher_src.cpp
         mesher_src.cpp
     1>mesher_src.cpp(102): warning C4244: '=' : conversion from 'int' to 'float', possible loss of data
     1>mesher_src.cpp(103): warning C4244: '=' : conversion from 'int' to 'float', possible loss of data
     1>mesher_src.cpp(104): warning C4244: '=' : conversion from 'int' to 'float', possible loss of data
     1>mesher_src.cpp(105): warning C4244: '=' : conversion from 'int' to 'float', possible loss of data
     1>mesher_src.cpp(148): warning C4552: '<<' : operator has no effect; expected operator with side-effect
       Link:
         D:\Programy\VS2013Ultimate\VC\bin\x86_amd64\link.exe /ERRORREPORT:PROMPT /OUT:"D:\CraftSaga\Mesher\x64\Release_x64\Mesher.dll" /NOLOGO kernel32.lib user32.lib gdi32.lib winspool.lib comdlg32.lib advapi32.lib shell32.lib ole32.lib oleaut32.lib uuid.lib odbc32.lib odbccp32.lib /MANIFEST /MANIFESTUAC:"level='asInvoker' uiAccess='false'" /manifest:embed /DEBUG /PDB:"D:\CraftSaga\Mesher\x64\Release_x64\Mesher.pdb" /OPT:REF /OPT:ICF /LTCG /TLBID:1 /DYNAMICBASE /NXCOMPAT /IMPLIB:"D:\CraftSaga\Mesher\x64\Release_x64\Mesher.lib" /MACHINE:X64 /DLL x64\Release_x64\mesher_src.obj
            Creating library D:\CraftSaga\Mesher\x64\Release_x64\Mesher.lib and object D:\CraftSaga\Mesher\x64\Release_x64\Mesher.exp
         Generating code
         Finished generating code
         Mesher.vcxproj -> D:\CraftSaga\Mesher\x64\Release_x64\Mesher.dll
       PostBuildEvent:
         copy D:\CraftSaga\Mesher\x64\Release_x64\Mesher.dll ..\..\UnityProject\Assets\Plugins\x86_64
         :VCEnd
         Liczba skopiowanych plikˇw:         1.
     1>Done Building Project "D:\CraftSaga\Mesher\Mesher\Mesher.vcxproj" (Build target(s)).

Build succeeded.

Time Elapsed 00:00:00.43
